# JRE version: OpenJDK Runtime Environment (11.0.10) (build 11.0.10+0-b96-7249189)
# Java VM: OpenJDK 64-Bit Server VM (11.0.10+0-b96-7249189, mixed mode, tiered, compressed oops, g1 gc, windows-amd64)
Heap:
 garbage-first heap   total 501760K, used 309076K [0x0000000080000000, 0x0000000100000000)
  region size 1024K, 84 young (86016K), 3 survivors (3072K)
 Metaspace       used 242005K, capacity 249394K, committed 249672K, reserved 1265664K
  class space    used 30276K, capacity 32935K, committed 33024K, reserved 1048576K
GC Heap History (20 events):
Event: 10805.779 GC heap before
{Heap before GC invocations=256 (full 1):
 garbage-first heap   total 427008K, used 350305K [0x0000000080000000, 0x0000000100000000)
  region size 1024K, 123 young (125952K), 2 survivors (2048K)
 Metaspace       used 236948K, capacity 243838K, committed 246088K, reserved 1263616K
  class space    used 29589K, capacity 32057K, committed 32512K, reserved 1048576K
}
Event: 10805.783 GC heap after
{Heap after GC invocations=257 (full 1):
 garbage-first heap   total 427008K, used 228979K [0x0000000080000000, 0x0000000100000000)
  region size 1024K, 3 young (3072K), 3 survivors (3072K)
 Metaspace       used 236948K, capacity 243838K, committed 246088K, reserved 1263616K
  class space    used 29589K, capacity 32057K, committed 32512K, reserved 1048576K
}
Event: 10806.047 GC heap before
{Heap before GC invocations=257 (full 1):
 garbage-first heap   total 427008K, used 355955K [0x0000000080000000, 0x0000000100000000)
  region size 1024K, 127 young (130048K), 3 survivors (3072K)
 Metaspace       used 236948K, capacity 243838K, committed 246088K, reserved 1263616K
  class space    used 29589K, capacity 32057K, committed 32512K, reserved 1048576K
}
Event: 10806.052 GC heap after
{Heap after GC invocations=258 (full 1):
 garbage-first heap   total 427008K, used 233004K [0x0000000080000000, 0x0000000100000000)
  region size 1024K, 7 young (7168K), 7 survivors (7168K)
 Metaspace       used 236948K, capacity 243838K, committed 246088K, reserved 1263616K
  class space    used 29589K, capacity 32057K, committed 32512K, reserved 1048576K
}
Event: 10806.415 GC heap before
{Heap before GC invocations=259 (full 1):
 garbage-first heap   total 427008K, used 357932K [0x0000000080000000, 0x0000000100000000)
  region size 1024K, 130 young (133120K), 7 survivors (7168K)
 Metaspace       used 237120K, capacity 244008K, committed 246088K, reserved 1263616K
  class space    used 29610K, capacity 32092K, committed 32512K, reserved 1048576K
}
Event: 10806.421 GC heap after
{Heap after GC invocations=260 (full 1):
 garbage-first heap   total 427008K, used 236704K [0x0000000080000000, 0x0000000100000000)
  region size 1024K, 11 young (11264K), 11 survivors (11264K)
 Metaspace       used 237120K, capacity 244008K, committed 246088K, reserved 1263616K
  class space    used 29610K, capacity 32092K, committed 32512K, reserved 1048576K
}
Event: 10806.441 GC heap before
{Heap before GC invocations=260 (full 1):
 garbage-first heap   total 427008K, used 245920K [0x0000000080000000, 0x0000000100000000)
  region size 1024K, 20 young (20480K), 11 survivors (11264K)
 Metaspace       used 237120K, capacity 244008K, committed 246088K, reserved 1263616K
  class space    used 29610K, capacity 32092K, committed 32512K, reserved 1048576K
}
Event: 10806.452 GC heap after
{Heap after GC invocations=261 (full 1):
 garbage-first heap   total 427008K, used 225446K [0x0000000080000000, 0x0000000100000000)
  region size 1024K, 2 young (2048K), 2 survivors (2048K)
 Metaspace       used 237120K, capacity 244008K, committed 246088K, reserved 1263616K
  class space    used 29610K, capacity 32092K, committed 32512K, reserved 1048576K
}
Event: 10806.641 GC heap before
{Heap before GC invocations=261 (full 1):
 garbage-first heap   total 427008K, used 307366K [0x0000000080000000, 0x0000000100000000)
  region size 1024K, 84 young (86016K), 2 survivors (2048K)
 Metaspace       used 237193K, capacity 244081K, committed 246088K, reserved 1263616K
  class space    used 29617K, capacity 32094K, committed 32512K, reserved 1048576K
}
Event: 10806.648 GC heap after
{Heap after GC invocations=262 (full 1):
 garbage-first heap   total 427008K, used 225811K [0x0000000080000000, 0x0000000100000000)
  region size 1024K, 2 young (2048K), 2 survivors (2048K)
 Metaspace       used 237193K, capacity 244081K, committed 246088K, reserved 1263616K
  class space    used 29617K, capacity 32094K, committed 32512K, reserved 1048576K
}
Event: 10807.490 GC heap before
{Heap before GC invocations=263 (full 1):
 garbage-first heap   total 427008K, used 363027K [0x0000000080000000, 0x0000000100000000)
  region size 1024K, 136 young (139264K), 2 survivors (2048K)
 Metaspace       used 237387K, capacity 244241K, committed 246088K, reserved 1263616K
  class space    used 29631K, capacity 32126K, committed 32512K, reserved 1048576K
}
Event: 10807.495 GC heap after
{Heap after GC invocations=264 (full 1):
 garbage-first heap   total 427008K, used 230031K [0x0000000080000000, 0x0000000100000000)
  region size 1024K, 5 young (5120K), 5 survivors (5120K)
 Metaspace       used 237387K, capacity 244241K, committed 246088K, reserved 1263616K
  class space    used 29631K, capacity 32126K, committed 32512K, reserved 1048576K
}
Event: 10807.559 GC heap before
{Heap before GC invocations=264 (full 1):
 garbage-first heap   total 427008K, used 244367K [0x0000000080000000, 0x0000000100000000)
  region size 1024K, 20 young (20480K), 5 survivors (5120K)
 Metaspace       used 237387K, capacity 244241K, committed 246088K, reserved 1263616K
  class space    used 29631K, capacity 32126K, committed 32512K, reserved 1048576K
}
Event: 10807.571 GC heap after
{Heap after GC invocations=265 (full 1):
 garbage-first heap   total 427008K, used 217548K [0x0000000080000000, 0x0000000100000000)
  region size 1024K, 1 young (1024K), 1 survivors (1024K)
 Metaspace       used 237387K, capacity 244241K, committed 246088K, reserved 1263616K
  class space    used 29631K, capacity 32126K, committed 32512K, reserved 1048576K
}
Event: 10810.471 GC heap before
{Heap before GC invocations=265 (full 1):
 garbage-first heap   total 427008K, used 359884K [0x0000000080000000, 0x0000000100000000)
  region size 1024K, 142 young (145408K), 1 survivors (1024K)
 Metaspace       used 240778K, capacity 247798K, committed 248136K, reserved 1265664K
  class space    used 30121K, capacity 32662K, committed 32768K, reserved 1048576K
}
Event: 10810.488 GC heap after
{Heap after GC invocations=266 (full 1):
 garbage-first heap   total 427008K, used 220441K [0x0000000080000000, 0x0000000100000000)
  region size 1024K, 6 young (6144K), 6 survivors (6144K)
 Metaspace       used 240778K, capacity 247798K, committed 248136K, reserved 1265664K
  class space    used 30121K, capacity 32662K, committed 32768K, reserved 1048576K
}
Event: 10960.942 GC heap before
{Heap before GC invocations=267 (full 1):
 garbage-first heap   total 427008K, used 360729K [0x0000000080000000, 0x0000000100000000)
  region size 1024K, 144 young (147456K), 6 survivors (6144K)
 Metaspace       used 241716K, capacity 248895K, committed 249032K, reserved 1265664K
  class space    used 30242K, capacity 32838K, committed 32896K, reserved 1048576K
}
Event: 10960.957 GC heap after
{Heap after GC invocations=268 (full 1):
 garbage-first heap   total 501760K, used 226333K [0x0000000080000000, 0x0000000100000000)
  region size 1024K, 12 young (12288K), 12 survivors (12288K)
 Metaspace       used 241716K, capacity 248895K, committed 249032K, reserved 1265664K
  class space    used 30242K, capacity 32838K, committed 32896K, reserved 1048576K
}
Event: 10961.122 GC heap before
{Heap before GC invocations=268 (full 1):
 garbage-first heap   total 501760K, used 238621K [0x0000000080000000, 0x0000000100000000)
  region size 1024K, 24 young (24576K), 12 survivors (12288K)
 Metaspace       used 241886K, capacity 249212K, committed 249416K, reserved 1265664K
  class space    used 30268K, capacity 32920K, committed 33024K, reserved 1048576K
}
Event: 10961.134 GC heap after
{Heap after GC invocations=269 (full 1):
 garbage-first heap   total 501760K, used 228180K [0x0000000080000000, 0x0000000100000000)
  region size 1024K, 3 young (3072K), 3 survivors (3072K)
 Metaspace       used 241886K, capacity 249212K, committed 249416K, reserved 1265664K
  class space    used 30268K, capacity 32920K, committed 33024K, reserved 1048576K
}

