# JRE version: OpenJDK Runtime Environment (11.0.10) (build 11.0.10+0-b96-7249189)
# Java VM: OpenJDK 64-Bit Server VM (11.0.10+0-b96-7249189, mixed mode, tiered, compressed oops, g1 gc, windows-amd64)
Heap:
 garbage-first heap   total 472064K, used 335063K [0x0000000080000000, 0x0000000100000000)
  region size 1024K, 77 young (78848K), 7 survivors (7168K)
 Metaspace       used 147810K, capacity 152596K, committed 152652K, reserved 1181696K
  class space    used 18674K, capacity 20525K, committed 20556K, reserved 1048576K
GC Heap History (20 events):
Event: 196.504 GC heap before
{Heap before GC invocations=59 (full 0):
 garbage-first heap   total 403456K, used 268025K [0x0000000080000000, 0x0000000100000000)
  region size 1024K, 19 young (19456K), 11 survivors (11264K)
 Metaspace       used 144150K, capacity 148567K, committed 148684K, reserved 1177600K
  class space    used 18242K, capacity 19895K, committed 19916K, reserved 1048576K
}
Event: 196.524 GC heap after
{Heap after GC invocations=60 (full 0):
 garbage-first heap   total 403456K, used 228248K [0x0000000080000000, 0x0000000100000000)
  region size 1024K, 3 young (3072K), 3 survivors (3072K)
 Metaspace       used 144150K, capacity 148567K, committed 148684K, reserved 1177600K
  class space    used 18242K, capacity 19895K, committed 19916K, reserved 1048576K
}
Event: 196.602 GC heap before
{Heap before GC invocations=60 (full 0):
 garbage-first heap   total 403456K, used 244632K [0x0000000080000000, 0x0000000100000000)
  region size 1024K, 19 young (19456K), 3 survivors (3072K)
 Metaspace       used 144302K, capacity 148732K, committed 149068K, reserved 1177600K
  class space    used 18256K, capacity 19927K, committed 20044K, reserved 1048576K
}
Event: 196.617 GC heap after
{Heap after GC invocations=61 (full 0):
 garbage-first heap   total 403456K, used 223448K [0x0000000080000000, 0x0000000100000000)
  region size 1024K, 3 young (3072K), 3 survivors (3072K)
 Metaspace       used 144302K, capacity 148732K, committed 149068K, reserved 1177600K
  class space    used 18256K, capacity 19927K, committed 20044K, reserved 1048576K
}
Event: 196.973 GC heap before
{Heap before GC invocations=61 (full 0):
 garbage-first heap   total 403456K, used 314584K [0x0000000080000000, 0x0000000100000000)
  region size 1024K, 92 young (94208K), 3 survivors (3072K)
 Metaspace       used 145008K, capacity 149459K, committed 149580K, reserved 1179648K
  class space    used 18325K, capacity 20013K, committed 20044K, reserved 1048576K
}
Event: 196.982 GC heap after
{Heap after GC invocations=62 (full 0):
 garbage-first heap   total 403456K, used 228196K [0x0000000080000000, 0x0000000100000000)
  region size 1024K, 8 young (8192K), 8 survivors (8192K)
 Metaspace       used 145008K, capacity 149459K, committed 149580K, reserved 1179648K
  class space    used 18325K, capacity 20013K, committed 20044K, reserved 1048576K
}
Event: 197.300 GC heap before
{Heap before GC invocations=62 (full 0):
 garbage-first heap   total 403456K, used 320356K [0x0000000080000000, 0x0000000100000000)
  region size 1024K, 98 young (100352K), 8 survivors (8192K)
 Metaspace       used 145324K, capacity 149746K, committed 149836K, reserved 1179648K
  class space    used 18355K, capacity 20021K, committed 20044K, reserved 1048576K
}
Event: 197.312 GC heap after
{Heap after GC invocations=63 (full 0):
 garbage-first heap   total 403456K, used 232429K [0x0000000080000000, 0x0000000100000000)
  region size 1024K, 11 young (11264K), 11 survivors (11264K)
 Metaspace       used 145324K, capacity 149746K, committed 149836K, reserved 1179648K
  class space    used 18355K, capacity 20021K, committed 20044K, reserved 1048576K
}
Event: 197.594 GC heap before
{Heap before GC invocations=63 (full 0):
 garbage-first heap   total 403456K, used 325613K [0x0000000080000000, 0x0000000100000000)
  region size 1024K, 103 young (105472K), 11 survivors (11264K)
 Metaspace       used 145450K, capacity 149856K, committed 150220K, reserved 1179648K
  class space    used 18367K, capacity 20058K, committed 20172K, reserved 1048576K
}
Event: 197.606 GC heap after
{Heap after GC invocations=64 (full 0):
 garbage-first heap   total 403456K, used 235030K [0x0000000080000000, 0x0000000100000000)
  region size 1024K, 7 young (7168K), 7 survivors (7168K)
 Metaspace       used 145450K, capacity 149856K, committed 150220K, reserved 1179648K
  class space    used 18367K, capacity 20058K, committed 20172K, reserved 1048576K
}
Event: 197.927 GC heap before
{Heap before GC invocations=64 (full 0):
 garbage-first heap   total 403456K, used 332310K [0x0000000080000000, 0x0000000100000000)
  region size 1024K, 102 young (104448K), 7 survivors (7168K)
 Metaspace       used 146231K, capacity 150779K, committed 150860K, reserved 1179648K
  class space    used 18491K, capacity 20219K, committed 20300K, reserved 1048576K
}
Event: 197.938 GC heap after
{Heap after GC invocations=65 (full 0):
 garbage-first heap   total 403456K, used 236884K [0x0000000080000000, 0x0000000100000000)
  region size 1024K, 9 young (9216K), 9 survivors (9216K)
 Metaspace       used 146231K, capacity 150779K, committed 150860K, reserved 1179648K
  class space    used 18491K, capacity 20219K, committed 20300K, reserved 1048576K
}
Event: 198.311 GC heap before
{Heap before GC invocations=65 (full 0):
 garbage-first heap   total 403456K, used 334164K [0x0000000080000000, 0x0000000100000000)
  region size 1024K, 105 young (107520K), 9 survivors (9216K)
 Metaspace       used 147140K, capacity 151847K, committed 152012K, reserved 1181696K
  class space    used 18619K, capacity 20407K, committed 20428K, reserved 1048576K
}
Event: 198.321 GC heap after
{Heap after GC invocations=66 (full 0):
 garbage-first heap   total 403456K, used 237884K [0x0000000080000000, 0x0000000100000000)
  region size 1024K, 7 young (7168K), 7 survivors (7168K)
 Metaspace       used 147140K, capacity 151847K, committed 152012K, reserved 1181696K
  class space    used 18619K, capacity 20407K, committed 20428K, reserved 1048576K
}
Event: 198.535 GC heap before
{Heap before GC invocations=66 (full 0):
 garbage-first heap   total 403456K, used 337212K [0x0000000080000000, 0x0000000100000000)
  region size 1024K, 105 young (107520K), 7 survivors (7168K)
 Metaspace       used 147180K, capacity 151848K, committed 152012K, reserved 1181696K
  class space    used 18620K, capacity 20407K, committed 20428K, reserved 1048576K
}
Event: 198.549 GC heap after
{Heap after GC invocations=67 (full 0):
 garbage-first heap   total 403456K, used 249229K [0x0000000080000000, 0x0000000100000000)
  region size 1024K, 14 young (14336K), 14 survivors (14336K)
 Metaspace       used 147180K, capacity 151848K, committed 152012K, reserved 1181696K
  class space    used 18620K, capacity 20407K, committed 20428K, reserved 1048576K
}
Event: 198.741 GC heap before
{Heap before GC invocations=67 (full 0):
 garbage-first heap   total 403456K, used 338317K [0x0000000080000000, 0x0000000100000000)
  region size 1024K, 102 young (104448K), 14 survivors (14336K)
 Metaspace       used 147181K, capacity 151848K, committed 152012K, reserved 1181696K
  class space    used 18620K, capacity 20407K, committed 20428K, reserved 1048576K
}
Event: 198.764 GC heap after
{Heap after GC invocations=68 (full 0):
 garbage-first heap   total 472064K, used 257979K [0x0000000080000000, 0x0000000100000000)
  region size 1024K, 11 young (11264K), 11 survivors (11264K)
 Metaspace       used 147181K, capacity 151848K, committed 152012K, reserved 1181696K
  class space    used 18620K, capacity 20407K, committed 20428K, reserved 1048576K
}
Event: 199.092 GC heap before
{Heap before GC invocations=68 (full 0):
 garbage-first heap   total 472064K, used 369595K [0x0000000080000000, 0x0000000100000000)
  region size 1024K, 121 young (123904K), 11 survivors (11264K)
 Metaspace       used 147611K, capacity 152385K, committed 152652K, reserved 1181696K
  class space    used 18674K, capacity 20525K, committed 20556K, reserved 1048576K
}
Event: 199.106 GC heap after
{Heap after GC invocations=69 (full 0):
 garbage-first heap   total 472064K, used 264407K [0x0000000080000000, 0x0000000100000000)
  region size 1024K, 7 young (7168K), 7 survivors (7168K)
 Metaspace       used 147611K, capacity 152385K, committed 152652K, reserved 1181696K
  class space    used 18674K, capacity 20525K, committed 20556K, reserved 1048576K
}

