# JRE version: OpenJDK Runtime Environment (11.0.10) (build 11.0.10+0-b96-7249189)
# Java VM: OpenJDK 64-Bit Server VM (11.0.10+0-b96-7249189, mixed mode, tiered, compressed oops, g1 gc, windows-amd64)
Heap:
 garbage-first heap   total 518144K, used 413577K [0x0000000080000000, 0x0000000100000000)
  region size 1024K, 87 young (89088K), 9 survivors (9216K)
 Metaspace       used 192485K, capacity 197951K, committed 198220K, reserved 1220608K
  class space    used 24884K, capacity 26901K, committed 26956K, reserved 1048576K
GC Heap History (20 events):
Event: 481.783 GC heap before
{Heap before GC invocations=90 (full 0):
 garbage-first heap   total 382976K, used 327129K [0x0000000080000000, 0x0000000100000000)
  region size 1024K, 50 young (51200K), 6 survivors (6144K)
 Metaspace       used 191641K, capacity 197128K, committed 197452K, reserved 1220608K
  class space    used 24820K, capacity 26835K, committed 26956K, reserved 1048576K
}
Event: 481.794 GC heap after
{Heap after GC invocations=91 (full 0):
 garbage-first heap   total 382976K, used 288502K [0x0000000080000000, 0x0000000100000000)
  region size 1024K, 7 young (7168K), 7 survivors (7168K)
 Metaspace       used 191641K, capacity 197128K, committed 197452K, reserved 1220608K
  class space    used 24820K, capacity 26835K, committed 26956K, reserved 1048576K
}
Event: 481.943 GC heap before
{Heap before GC invocations=91 (full 0):
 garbage-first heap   total 382976K, used 326390K [0x0000000080000000, 0x0000000100000000)
  region size 1024K, 45 young (46080K), 7 survivors (7168K)
 Metaspace       used 191785K, capacity 197251K, committed 197452K, reserved 1220608K
  class space    used 24832K, capacity 26853K, committed 26956K, reserved 1048576K
}
Event: 481.952 GC heap after
{Heap after GC invocations=92 (full 0):
 garbage-first heap   total 382976K, used 292550K [0x0000000080000000, 0x0000000100000000)
  region size 1024K, 5 young (5120K), 5 survivors (5120K)
 Metaspace       used 191785K, capacity 197251K, committed 197452K, reserved 1220608K
  class space    used 24832K, capacity 26853K, committed 26956K, reserved 1048576K
}
Event: 482.067 GC heap before
{Heap before GC invocations=92 (full 0):
 garbage-first heap   total 382976K, used 329414K [0x0000000080000000, 0x0000000100000000)
  region size 1024K, 41 young (41984K), 5 survivors (5120K)
 Metaspace       used 191863K, capacity 197322K, committed 197452K, reserved 1220608K
  class space    used 24843K, capacity 26855K, committed 26956K, reserved 1048576K
}
Event: 482.076 GC heap after
{Heap after GC invocations=93 (full 0):
 garbage-first heap   total 382976K, used 297446K [0x0000000080000000, 0x0000000100000000)
  region size 1024K, 6 young (6144K), 6 survivors (6144K)
 Metaspace       used 191863K, capacity 197322K, committed 197452K, reserved 1220608K
  class space    used 24843K, capacity 26855K, committed 26956K, reserved 1048576K
}
Event: 482.176 GC heap before
{Heap before GC invocations=93 (full 0):
 garbage-first heap   total 382976K, used 329190K [0x0000000080000000, 0x0000000100000000)
  region size 1024K, 38 young (38912K), 6 survivors (6144K)
 Metaspace       used 191991K, capacity 197421K, committed 197708K, reserved 1220608K
  class space    used 24871K, capacity 26887K, committed 26956K, reserved 1048576K
}
Event: 482.185 GC heap after
{Heap after GC invocations=94 (full 0):
 garbage-first heap   total 382976K, used 302175K [0x0000000080000000, 0x0000000100000000)
  region size 1024K, 5 young (5120K), 5 survivors (5120K)
 Metaspace       used 191991K, capacity 197421K, committed 197708K, reserved 1220608K
  class space    used 24871K, capacity 26887K, committed 26956K, reserved 1048576K
}
Event: 482.284 GC heap before
{Heap before GC invocations=94 (full 0):
 garbage-first heap   total 382976K, used 331871K [0x0000000080000000, 0x0000000100000000)
  region size 1024K, 34 young (34816K), 5 survivors (5120K)
 Metaspace       used 192030K, capacity 197488K, committed 197708K, reserved 1220608K
  class space    used 24871K, capacity 26887K, committed 26956K, reserved 1048576K
}
Event: 482.293 GC heap after
{Heap after GC invocations=95 (full 0):
 garbage-first heap   total 451584K, used 303413K [0x0000000080000000, 0x0000000100000000)
  region size 1024K, 2 young (2048K), 2 survivors (2048K)
 Metaspace       used 192030K, capacity 197488K, committed 197708K, reserved 1220608K
  class space    used 24871K, capacity 26887K, committed 26956K, reserved 1048576K
}
Event: 482.459 GC heap before
{Heap before GC invocations=95 (full 0):
 garbage-first heap   total 451584K, used 359733K [0x0000000080000000, 0x0000000100000000)
  region size 1024K, 58 young (59392K), 2 survivors (2048K)
 Metaspace       used 192098K, capacity 197562K, committed 197708K, reserved 1220608K
  class space    used 24873K, capacity 26890K, committed 26956K, reserved 1048576K
}
Event: 482.467 GC heap after
{Heap after GC invocations=96 (full 0):
 garbage-first heap   total 451584K, used 307467K [0x0000000080000000, 0x0000000100000000)
  region size 1024K, 6 young (6144K), 6 survivors (6144K)
 Metaspace       used 192098K, capacity 197562K, committed 197708K, reserved 1220608K
  class space    used 24873K, capacity 26890K, committed 26956K, reserved 1048576K
}
Event: 482.596 GC heap before
{Heap before GC invocations=96 (full 0):
 garbage-first heap   total 451584K, used 364811K [0x0000000080000000, 0x0000000100000000)
  region size 1024K, 63 young (64512K), 6 survivors (6144K)
 Metaspace       used 192183K, capacity 197638K, committed 197708K, reserved 1220608K
  class space    used 24879K, capacity 26893K, committed 26956K, reserved 1048576K
}
Event: 482.607 GC heap after
{Heap after GC invocations=97 (full 0):
 garbage-first heap   total 451584K, used 312369K [0x0000000080000000, 0x0000000100000000)
  region size 1024K, 6 young (6144K), 6 survivors (6144K)
 Metaspace       used 192183K, capacity 197638K, committed 197708K, reserved 1220608K
  class space    used 24879K, capacity 26893K, committed 26956K, reserved 1048576K
}
Event: 482.714 GC heap before
{Heap before GC invocations=97 (full 0):
 garbage-first heap   total 451584K, used 369713K [0x0000000080000000, 0x0000000100000000)
  region size 1024K, 63 young (64512K), 6 survivors (6144K)
 Metaspace       used 192260K, capacity 197732K, committed 197964K, reserved 1220608K
  class space    used 24883K, capacity 26900K, committed 26956K, reserved 1048576K
}
Event: 482.721 GC heap after
{Heap after GC invocations=98 (full 0):
 garbage-first heap   total 451584K, used 321225K [0x0000000080000000, 0x0000000100000000)
  region size 1024K, 8 young (8192K), 8 survivors (8192K)
 Metaspace       used 192260K, capacity 197732K, committed 197964K, reserved 1220608K
  class space    used 24883K, capacity 26900K, committed 26956K, reserved 1048576K
}
Event: 482.819 GC heap before
{Heap before GC invocations=98 (full 0):
 garbage-first heap   total 451584K, used 375497K [0x0000000080000000, 0x0000000100000000)
  region size 1024K, 62 young (63488K), 8 survivors (8192K)
 Metaspace       used 192320K, capacity 197802K, committed 197964K, reserved 1220608K
  class space    used 24883K, capacity 26900K, committed 26956K, reserved 1048576K
}
Event: 482.830 GC heap after
{Heap after GC invocations=99 (full 0):
 garbage-first heap   total 518144K, used 325520K [0x0000000080000000, 0x0000000100000000)
  region size 1024K, 8 young (8192K), 8 survivors (8192K)
 Metaspace       used 192320K, capacity 197802K, committed 197964K, reserved 1220608K
  class space    used 24883K, capacity 26900K, committed 26956K, reserved 1048576K
}
Event: 483.012 GC heap before
{Heap before GC invocations=99 (full 0):
 garbage-first heap   total 518144K, used 404368K [0x0000000080000000, 0x0000000100000000)
  region size 1024K, 86 young (88064K), 8 survivors (8192K)
 Metaspace       used 192380K, capacity 197815K, committed 197964K, reserved 1220608K
  class space    used 24884K, capacity 26901K, committed 26956K, reserved 1048576K
}
Event: 483.024 GC heap after
{Heap after GC invocations=100 (full 0):
 garbage-first heap   total 518144K, used 333706K [0x0000000080000000, 0x0000000100000000)
  region size 1024K, 11 young (11264K), 11 survivors (11264K)
 Metaspace       used 192380K, capacity 197815K, committed 197964K, reserved 1220608K
  class space    used 24884K, capacity 26901K, committed 26956K, reserved 1048576K
}

